#-----------------------------------------------------------
# Vivado v2021.1 (64-bit)
# SW Build 3247384 on Thu Jun 10 19:36:07 MDT 2021
# IP Build 3246043 on Fri Jun 11 00:30:35 MDT 2021
# Start of session at: Fri Aug 16 10:35:37 2024
# Process ID: 24375
# Current directory: /autofs/fs1.ece/fs1.eecg.tcc/barrieri/Documents/Thesis/new_board/CONTROLLER_IP
# Command line: vivado
# Log file: /autofs/fs1.ece/fs1.eecg.tcc/barrieri/Documents/Thesis/new_board/CONTROLLER_IP/vivado.log
# Journal file: /autofs/fs1.ece/fs1.eecg.tcc/barrieri/Documents/Thesis/new_board/CONTROLLER_IP/vivado.jou
#-----------------------------------------------------------
start_gui
WARNING: [Board 49-26] cannot add Board Part xilinx.com:vck190_es:part0:1.1 available at /autofs/fs1.ece/fs1.vrg.CMC/tools/xilinx/Vivado_2021.1/Vivado/2021.1/data/xhub/boards/XilinxBoardStore/boards/Xilinx/vck190/es/1.1/board.xml as part xcvc1902-vsva2197-2mp-e-s-es1 specified in board_part file is either invalid or not available
WARNING: [Board 49-26] cannot add Board Part xilinx.com:vck190_es:part0:1.2 available at /autofs/fs1.ece/fs1.vrg.CMC/tools/xilinx/Vivado_2021.1/Vivado/2021.1/data/xhub/boards/XilinxBoardStore/boards/Xilinx/vck190/es/1.2/board.xml as part xcvc1902-vsva2197-2mp-e-s-es1 specified in board_part file is either invalid or not available
WARNING: [Board 49-26] cannot add Board Part xilinx.com:vck190_es:part0:1.3 available at /autofs/fs1.ece/fs1.vrg.CMC/tools/xilinx/Vivado_2021.1/Vivado/2021.1/data/xhub/boards/XilinxBoardStore/boards/Xilinx/vck190/es/1.3/board.xml as part xcvc1902-vsva2197-2mp-e-s-es1 specified in board_part file is either invalid or not available
WARNING: [Board 49-26] cannot add Board Part xilinx.com:vmk180_es:part0:1.1 available at /autofs/fs1.ece/fs1.vrg.CMC/tools/xilinx/Vivado_2021.1/Vivado/2021.1/data/xhub/boards/XilinxBoardStore/boards/Xilinx/vmk180/es/1.1/board.xml as part xcvm1802-vsva2197-2mp-e-s-es1 specified in board_part file is either invalid or not available
WARNING: [Board 49-26] cannot add Board Part xilinx.com:vmk180_es:part0:1.2 available at /autofs/fs1.ece/fs1.vrg.CMC/tools/xilinx/Vivado_2021.1/Vivado/2021.1/data/xhub/boards/XilinxBoardStore/boards/Xilinx/vmk180/es/1.2/board.xml as part xcvm1802-vsva2197-2mp-e-s-es1 specified in board_part file is either invalid or not available
WARNING: [Board 49-26] cannot add Board Part xilinx.com:vmk180_es:part0:1.3 available at /autofs/fs1.ece/fs1.vrg.CMC/tools/xilinx/Vivado_2021.1/Vivado/2021.1/data/xhub/boards/XilinxBoardStore/boards/Xilinx/vmk180/es/1.3/board.xml as part xcvm1802-vsva2197-2mp-e-s-es1 specified in board_part file is either invalid or not available
WARNING: [Board 49-26] cannot add Board Part xilinx.com:zcu208_es:part0:1.0 available at /autofs/fs1.ece/fs1.vrg.CMC/tools/xilinx/Vivado_2021.1/Vivado/2021.1/data/xhub/boards/XilinxBoardStore/boards/Xilinx/zcu208/es/1.0/board.xml as part xczu48dr-fsvg1517-2-e-es1 specified in board_part file is either invalid or not available
WARNING: [Board 49-26] cannot add Board Part xilinx.com:zcu208_es:part0:1.1 available at /autofs/fs1.ece/fs1.vrg.CMC/tools/xilinx/Vivado_2021.1/Vivado/2021.1/data/xhub/boards/XilinxBoardStore/boards/Xilinx/zcu208/es/1.1/board.xml as part xczu48dr-fsvg1517-2-e-es1 specified in board_part file is either invalid or not available
WARNING: [Board 49-26] cannot add Board Part xilinx.com:zcu208_es:part0:1.2 available at /autofs/fs1.ece/fs1.vrg.CMC/tools/xilinx/Vivado_2021.1/Vivado/2021.1/data/xhub/boards/XilinxBoardStore/boards/Xilinx/zcu208/es/1.2/board.xml as part xczu48dr-fsvg1517-2-e-es1 specified in board_part file is either invalid or not available
WARNING: [Board 49-26] cannot add Board Part xilinx.com:zcu208ld_es:part0:1.0 available at /autofs/fs1.ece/fs1.vrg.CMC/tools/xilinx/Vivado_2021.1/Vivado/2021.1/data/xhub/boards/XilinxBoardStore/boards/Xilinx/zcu208ld/es/1.0/board.xml as part xczu58dr-fsvg1517-2-i-es1 specified in board_part file is either invalid or not available
WARNING: [Board 49-26] cannot add Board Part xilinx.com:zcu216_es:part0:1.0 available at /autofs/fs1.ece/fs1.vrg.CMC/tools/xilinx/Vivado_2021.1/Vivado/2021.1/data/xhub/boards/XilinxBoardStore/boards/Xilinx/zcu216/es/1.0/board.xml as part xczu49dr-ffvf1760-2-e-es1 specified in board_part file is either invalid or not available
WARNING: [Board 49-26] cannot add Board Part xilinx.com:zcu216_es:part0:1.1 available at /autofs/fs1.ece/fs1.vrg.CMC/tools/xilinx/Vivado_2021.1/Vivado/2021.1/data/xhub/boards/XilinxBoardStore/boards/Xilinx/zcu216/es/1.1/board.xml as part xczu49dr-ffvf1760-2-e-es1 specified in board_part file is either invalid or not available
WARNING: [Board 49-26] cannot add Board Part xilinx.com:zcu216_es:part0:1.2 available at /autofs/fs1.ece/fs1.vrg.CMC/tools/xilinx/Vivado_2021.1/Vivado/2021.1/data/xhub/boards/XilinxBoardStore/boards/Xilinx/zcu216/es/1.2/board.xml as part xczu49dr-ffvf1760-2-e-es1 specified in board_part file is either invalid or not available
WARNING: [Board 49-26] cannot add Board Part xilinx.com:zcu216ld_es:part0:1.0 available at /autofs/fs1.ece/fs1.vrg.CMC/tools/xilinx/Vivado_2021.1/Vivado/2021.1/data/xhub/boards/XilinxBoardStore/boards/Xilinx/zcu216ld/es/1.0/board.xml as part xczu59dr-ffvf1760-2-i-es1 specified in board_part file is either invalid or not available
WARNING: [Board 49-26] cannot add Board Part xilinx.com:vck190_es:part0:1.1 available at /autofs/fs1.ece/fs1.vrg.CMC/tools/xilinx/Vivado_2021.1/Vivado/2021.1/data/xhub/boards/XilinxBoardStore/boards/Xilinx/vck190/es/1.1/board.xml as part xcvc1902-vsva2197-2mp-e-s-es1 specified in board_part file is either invalid or not available
WARNING: [Board 49-26] cannot add Board Part xilinx.com:vck190_es:part0:1.2 available at /autofs/fs1.ece/fs1.vrg.CMC/tools/xilinx/Vivado_2021.1/Vivado/2021.1/data/xhub/boards/XilinxBoardStore/boards/Xilinx/vck190/es/1.2/board.xml as part xcvc1902-vsva2197-2mp-e-s-es1 specified in board_part file is either invalid or not available
WARNING: [Board 49-26] cannot add Board Part xilinx.com:vck190_es:part0:1.3 available at /autofs/fs1.ece/fs1.vrg.CMC/tools/xilinx/Vivado_2021.1/Vivado/2021.1/data/xhub/boards/XilinxBoardStore/boards/Xilinx/vck190/es/1.3/board.xml as part xcvc1902-vsva2197-2mp-e-s-es1 specified in board_part file is either invalid or not available
WARNING: [Board 49-26] cannot add Board Part xilinx.com:vmk180_es:part0:1.1 available at /autofs/fs1.ece/fs1.vrg.CMC/tools/xilinx/Vivado_2021.1/Vivado/2021.1/data/xhub/boards/XilinxBoardStore/boards/Xilinx/vmk180/es/1.1/board.xml as part xcvm1802-vsva2197-2mp-e-s-es1 specified in board_part file is either invalid or not available
WARNING: [Board 49-26] cannot add Board Part xilinx.com:vmk180_es:part0:1.2 available at /autofs/fs1.ece/fs1.vrg.CMC/tools/xilinx/Vivado_2021.1/Vivado/2021.1/data/xhub/boards/XilinxBoardStore/boards/Xilinx/vmk180/es/1.2/board.xml as part xcvm1802-vsva2197-2mp-e-s-es1 specified in board_part file is either invalid or not available
WARNING: [Board 49-26] cannot add Board Part xilinx.com:vmk180_es:part0:1.3 available at /autofs/fs1.ece/fs1.vrg.CMC/tools/xilinx/Vivado_2021.1/Vivado/2021.1/data/xhub/boards/XilinxBoardStore/boards/Xilinx/vmk180/es/1.3/board.xml as part xcvm1802-vsva2197-2mp-e-s-es1 specified in board_part file is either invalid or not available
WARNING: [Board 49-26] cannot add Board Part xilinx.com:zcu208_es:part0:1.0 available at /autofs/fs1.ece/fs1.vrg.CMC/tools/xilinx/Vivado_2021.1/Vivado/2021.1/data/xhub/boards/XilinxBoardStore/boards/Xilinx/zcu208/es/1.0/board.xml as part xczu48dr-fsvg1517-2-e-es1 specified in board_part file is either invalid or not available
WARNING: [Board 49-26] cannot add Board Part xilinx.com:zcu208_es:part0:1.1 available at /autofs/fs1.ece/fs1.vrg.CMC/tools/xilinx/Vivado_2021.1/Vivado/2021.1/data/xhub/boards/XilinxBoardStore/boards/Xilinx/zcu208/es/1.1/board.xml as part xczu48dr-fsvg1517-2-e-es1 specified in board_part file is either invalid or not available
WARNING: [Board 49-26] cannot add Board Part xilinx.com:zcu208_es:part0:1.2 available at /autofs/fs1.ece/fs1.vrg.CMC/tools/xilinx/Vivado_2021.1/Vivado/2021.1/data/xhub/boards/XilinxBoardStore/boards/Xilinx/zcu208/es/1.2/board.xml as part xczu48dr-fsvg1517-2-e-es1 specified in board_part file is either invalid or not available
WARNING: [Board 49-26] cannot add Board Part xilinx.com:zcu208ld_es:part0:1.0 available at /autofs/fs1.ece/fs1.vrg.CMC/tools/xilinx/Vivado_2021.1/Vivado/2021.1/data/xhub/boards/XilinxBoardStore/boards/Xilinx/zcu208ld/es/1.0/board.xml as part xczu58dr-fsvg1517-2-i-es1 specified in board_part file is either invalid or not available
WARNING: [Board 49-26] cannot add Board Part xilinx.com:zcu216_es:part0:1.0 available at /autofs/fs1.ece/fs1.vrg.CMC/tools/xilinx/Vivado_2021.1/Vivado/2021.1/data/xhub/boards/XilinxBoardStore/boards/Xilinx/zcu216/es/1.0/board.xml as part xczu49dr-ffvf1760-2-e-es1 specified in board_part file is either invalid or not available
WARNING: [Board 49-26] cannot add Board Part xilinx.com:zcu216_es:part0:1.1 available at /autofs/fs1.ece/fs1.vrg.CMC/tools/xilinx/Vivado_2021.1/Vivado/2021.1/data/xhub/boards/XilinxBoardStore/boards/Xilinx/zcu216/es/1.1/board.xml as part xczu49dr-ffvf1760-2-e-es1 specified in board_part file is either invalid or not available
WARNING: [Board 49-26] cannot add Board Part xilinx.com:zcu216_es:part0:1.2 available at /autofs/fs1.ece/fs1.vrg.CMC/tools/xilinx/Vivado_2021.1/Vivado/2021.1/data/xhub/boards/XilinxBoardStore/boards/Xilinx/zcu216/es/1.2/board.xml as part xczu49dr-ffvf1760-2-e-es1 specified in board_part file is either invalid or not available
WARNING: [Board 49-26] cannot add Board Part xilinx.com:zcu216ld_es:part0:1.0 available at /autofs/fs1.ece/fs1.vrg.CMC/tools/xilinx/Vivado_2021.1/Vivado/2021.1/data/xhub/boards/XilinxBoardStore/boards/Xilinx/zcu216ld/es/1.0/board.xml as part xczu59dr-ffvf1760-2-i-es1 specified in board_part file is either invalid or not available
WARNING: [Board 49-26] cannot add Board Part xilinx.com:vck190_es:part0:1.1 available at /autofs/fs1.ece/fs1.vrg.CMC/tools/xilinx/Vivado_2021.1/Vivado/2021.1/data/xhub/boards/XilinxBoardStore/boards/Xilinx/vck190/es/1.1/board.xml as part xcvc1902-vsva2197-2mp-e-s-es1 specified in board_part file is either invalid or not available
WARNING: [Board 49-26] cannot add Board Part xilinx.com:vck190_es:part0:1.2 available at /autofs/fs1.ece/fs1.vrg.CMC/tools/xilinx/Vivado_2021.1/Vivado/2021.1/data/xhub/boards/XilinxBoardStore/boards/Xilinx/vck190/es/1.2/board.xml as part xcvc1902-vsva2197-2mp-e-s-es1 specified in board_part file is either invalid or not available
WARNING: [Board 49-26] cannot add Board Part xilinx.com:vck190_es:part0:1.3 available at /autofs/fs1.ece/fs1.vrg.CMC/tools/xilinx/Vivado_2021.1/Vivado/2021.1/data/xhub/boards/XilinxBoardStore/boards/Xilinx/vck190/es/1.3/board.xml as part xcvc1902-vsva2197-2mp-e-s-es1 specified in board_part file is either invalid or not available
WARNING: [Board 49-26] cannot add Board Part xilinx.com:vmk180_es:part0:1.1 available at /autofs/fs1.ece/fs1.vrg.CMC/tools/xilinx/Vivado_2021.1/Vivado/2021.1/data/xhub/boards/XilinxBoardStore/boards/Xilinx/vmk180/es/1.1/board.xml as part xcvm1802-vsva2197-2mp-e-s-es1 specified in board_part file is either invalid or not available
WARNING: [Board 49-26] cannot add Board Part xilinx.com:vmk180_es:part0:1.2 available at /autofs/fs1.ece/fs1.vrg.CMC/tools/xilinx/Vivado_2021.1/Vivado/2021.1/data/xhub/boards/XilinxBoardStore/boards/Xilinx/vmk180/es/1.2/board.xml as part xcvm1802-vsva2197-2mp-e-s-es1 specified in board_part file is either invalid or not available
WARNING: [Board 49-26] cannot add Board Part xilinx.com:vmk180_es:part0:1.3 available at /autofs/fs1.ece/fs1.vrg.CMC/tools/xilinx/Vivado_2021.1/Vivado/2021.1/data/xhub/boards/XilinxBoardStore/boards/Xilinx/vmk180/es/1.3/board.xml as part xcvm1802-vsva2197-2mp-e-s-es1 specified in board_part file is either invalid or not available
WARNING: [Board 49-26] cannot add Board Part xilinx.com:zcu208_es:part0:1.0 available at /autofs/fs1.ece/fs1.vrg.CMC/tools/xilinx/Vivado_2021.1/Vivado/2021.1/data/xhub/boards/XilinxBoardStore/boards/Xilinx/zcu208/es/1.0/board.xml as part xczu48dr-fsvg1517-2-e-es1 specified in board_part file is either invalid or not available
WARNING: [Board 49-26] cannot add Board Part xilinx.com:zcu208_es:part0:1.1 available at /autofs/fs1.ece/fs1.vrg.CMC/tools/xilinx/Vivado_2021.1/Vivado/2021.1/data/xhub/boards/XilinxBoardStore/boards/Xilinx/zcu208/es/1.1/board.xml as part xczu48dr-fsvg1517-2-e-es1 specified in board_part file is either invalid or not available
WARNING: [Board 49-26] cannot add Board Part xilinx.com:zcu208_es:part0:1.2 available at /autofs/fs1.ece/fs1.vrg.CMC/tools/xilinx/Vivado_2021.1/Vivado/2021.1/data/xhub/boards/XilinxBoardStore/boards/Xilinx/zcu208/es/1.2/board.xml as part xczu48dr-fsvg1517-2-e-es1 specified in board_part file is either invalid or not available
WARNING: [Board 49-26] cannot add Board Part xilinx.com:zcu208ld_es:part0:1.0 available at /autofs/fs1.ece/fs1.vrg.CMC/tools/xilinx/Vivado_2021.1/Vivado/2021.1/data/xhub/boards/XilinxBoardStore/boards/Xilinx/zcu208ld/es/1.0/board.xml as part xczu58dr-fsvg1517-2-i-es1 specified in board_part file is either invalid or not available
WARNING: [Board 49-26] cannot add Board Part xilinx.com:zcu216_es:part0:1.0 available at /autofs/fs1.ece/fs1.vrg.CMC/tools/xilinx/Vivado_2021.1/Vivado/2021.1/data/xhub/boards/XilinxBoardStore/boards/Xilinx/zcu216/es/1.0/board.xml as part xczu49dr-ffvf1760-2-e-es1 specified in board_part file is either invalid or not available
WARNING: [Board 49-26] cannot add Board Part xilinx.com:zcu216_es:part0:1.1 available at /autofs/fs1.ece/fs1.vrg.CMC/tools/xilinx/Vivado_2021.1/Vivado/2021.1/data/xhub/boards/XilinxBoardStore/boards/Xilinx/zcu216/es/1.1/board.xml as part xczu49dr-ffvf1760-2-e-es1 specified in board_part file is either invalid or not available
WARNING: [Board 49-26] cannot add Board Part xilinx.com:zcu216_es:part0:1.2 available at /autofs/fs1.ece/fs1.vrg.CMC/tools/xilinx/Vivado_2021.1/Vivado/2021.1/data/xhub/boards/XilinxBoardStore/boards/Xilinx/zcu216/es/1.2/board.xml as part xczu49dr-ffvf1760-2-e-es1 specified in board_part file is either invalid or not available
WARNING: [Board 49-26] cannot add Board Part xilinx.com:zcu216ld_es:part0:1.0 available at /autofs/fs1.ece/fs1.vrg.CMC/tools/xilinx/Vivado_2021.1/Vivado/2021.1/data/xhub/boards/XilinxBoardStore/boards/Xilinx/zcu216ld/es/1.0/board.xml as part xczu59dr-ffvf1760-2-i-es1 specified in board_part file is either invalid or not available
WARNING: [Board 49-26] cannot add Board Part xilinx.com:vck190_es:part0:1.1 available at /autofs/fs1.ece/fs1.vrg.CMC/tools/xilinx/Vivado_2021.1/Vivado/2021.1/data/xhub/boards/XilinxBoardStore/boards/Xilinx/vck190/es/1.1/board.xml as part xcvc1902-vsva2197-2mp-e-s-es1 specified in board_part file is either invalid or not available
WARNING: [Board 49-26] cannot add Board Part xilinx.com:vck190_es:part0:1.2 available at /autofs/fs1.ece/fs1.vrg.CMC/tools/xilinx/Vivado_2021.1/Vivado/2021.1/data/xhub/boards/XilinxBoardStore/boards/Xilinx/vck190/es/1.2/board.xml as part xcvc1902-vsva2197-2mp-e-s-es1 specified in board_part file is either invalid or not available
WARNING: [Board 49-26] cannot add Board Part xilinx.com:vck190_es:part0:1.3 available at /autofs/fs1.ece/fs1.vrg.CMC/tools/xilinx/Vivado_2021.1/Vivado/2021.1/data/xhub/boards/XilinxBoardStore/boards/Xilinx/vck190/es/1.3/board.xml as part xcvc1902-vsva2197-2mp-e-s-es1 specified in board_part file is either invalid or not available
WARNING: [Board 49-26] cannot add Board Part xilinx.com:vmk180_es:part0:1.1 available at /autofs/fs1.ece/fs1.vrg.CMC/tools/xilinx/Vivado_2021.1/Vivado/2021.1/data/xhub/boards/XilinxBoardStore/boards/Xilinx/vmk180/es/1.1/board.xml as part xcvm1802-vsva2197-2mp-e-s-es1 specified in board_part file is either invalid or not available
WARNING: [Board 49-26] cannot add Board Part xilinx.com:vmk180_es:part0:1.2 available at /autofs/fs1.ece/fs1.vrg.CMC/tools/xilinx/Vivado_2021.1/Vivado/2021.1/data/xhub/boards/XilinxBoardStore/boards/Xilinx/vmk180/es/1.2/board.xml as part xcvm1802-vsva2197-2mp-e-s-es1 specified in board_part file is either invalid or not available
WARNING: [Board 49-26] cannot add Board Part xilinx.com:vmk180_es:part0:1.3 available at /autofs/fs1.ece/fs1.vrg.CMC/tools/xilinx/Vivado_2021.1/Vivado/2021.1/data/xhub/boards/XilinxBoardStore/boards/Xilinx/vmk180/es/1.3/board.xml as part xcvm1802-vsva2197-2mp-e-s-es1 specified in board_part file is either invalid or not available
WARNING: [Board 49-26] cannot add Board Part xilinx.com:zcu208_es:part0:1.0 available at /autofs/fs1.ece/fs1.vrg.CMC/tools/xilinx/Vivado_2021.1/Vivado/2021.1/data/xhub/boards/XilinxBoardStore/boards/Xilinx/zcu208/es/1.0/board.xml as part xczu48dr-fsvg1517-2-e-es1 specified in board_part file is either invalid or not available
WARNING: [Board 49-26] cannot add Board Part xilinx.com:zcu208_es:part0:1.1 available at /autofs/fs1.ece/fs1.vrg.CMC/tools/xilinx/Vivado_2021.1/Vivado/2021.1/data/xhub/boards/XilinxBoardStore/boards/Xilinx/zcu208/es/1.1/board.xml as part xczu48dr-fsvg1517-2-e-es1 specified in board_part file is either invalid or not available
WARNING: [Board 49-26] cannot add Board Part xilinx.com:zcu208_es:part0:1.2 available at /autofs/fs1.ece/fs1.vrg.CMC/tools/xilinx/Vivado_2021.1/Vivado/2021.1/data/xhub/boards/XilinxBoardStore/boards/Xilinx/zcu208/es/1.2/board.xml as part xczu48dr-fsvg1517-2-e-es1 specified in board_part file is either invalid or not available
WARNING: [Board 49-26] cannot add Board Part xilinx.com:zcu208ld_es:part0:1.0 available at /autofs/fs1.ece/fs1.vrg.CMC/tools/xilinx/Vivado_2021.1/Vivado/2021.1/data/xhub/boards/XilinxBoardStore/boards/Xilinx/zcu208ld/es/1.0/board.xml as part xczu58dr-fsvg1517-2-i-es1 specified in board_part file is either invalid or not available
WARNING: [Board 49-26] cannot add Board Part xilinx.com:zcu216_es:part0:1.0 available at /autofs/fs1.ece/fs1.vrg.CMC/tools/xilinx/Vivado_2021.1/Vivado/2021.1/data/xhub/boards/XilinxBoardStore/boards/Xilinx/zcu216/es/1.0/board.xml as part xczu49dr-ffvf1760-2-e-es1 specified in board_part file is either invalid or not available
WARNING: [Board 49-26] cannot add Board Part xilinx.com:zcu216_es:part0:1.1 available at /autofs/fs1.ece/fs1.vrg.CMC/tools/xilinx/Vivado_2021.1/Vivado/2021.1/data/xhub/boards/XilinxBoardStore/boards/Xilinx/zcu216/es/1.1/board.xml as part xczu49dr-ffvf1760-2-e-es1 specified in board_part file is either invalid or not available
WARNING: [Board 49-26] cannot add Board Part xilinx.com:zcu216_es:part0:1.2 available at /autofs/fs1.ece/fs1.vrg.CMC/tools/xilinx/Vivado_2021.1/Vivado/2021.1/data/xhub/boards/XilinxBoardStore/boards/Xilinx/zcu216/es/1.2/board.xml as part xczu49dr-ffvf1760-2-e-es1 specified in board_part file is either invalid or not available
WARNING: [Board 49-26] cannot add Board Part xilinx.com:zcu216ld_es:part0:1.0 available at /autofs/fs1.ece/fs1.vrg.CMC/tools/xilinx/Vivado_2021.1/Vivado/2021.1/data/xhub/boards/XilinxBoardStore/boards/Xilinx/zcu216ld/es/1.0/board.xml as part xczu59dr-ffvf1760-2-i-es1 specified in board_part file is either invalid or not available
WARNING: [Board 49-26] cannot add Board Part xilinx.com:vck190_es:part0:1.3 available at /autofs/fs1.ece/fs1.vrg.CMC/tools/xilinx/Vivado_2021.1/Vivado/2021.1/data/xhub/boards/XilinxBoardStore/boards/Xilinx/vck190/es/1.3/board.xml as part xcvc1902-vsva2197-2mp-e-s-es1 specified in board_part file is either invalid or not available
WARNING: [Board 49-26] cannot add Board Part xilinx.com:vmk180_es:part0:1.3 available at /autofs/fs1.ece/fs1.vrg.CMC/tools/xilinx/Vivado_2021.1/Vivado/2021.1/data/xhub/boards/XilinxBoardStore/boards/Xilinx/vmk180/es/1.3/board.xml as part xcvm1802-vsva2197-2mp-e-s-es1 specified in board_part file is either invalid or not available
WARNING: [Board 49-26] cannot add Board Part xilinx.com:zcu208_es:part0:1.2 available at /autofs/fs1.ece/fs1.vrg.CMC/tools/xilinx/Vivado_2021.1/Vivado/2021.1/data/xhub/boards/XilinxBoardStore/boards/Xilinx/zcu208/es/1.2/board.xml as part xczu48dr-fsvg1517-2-e-es1 specified in board_part file is either invalid or not available
WARNING: [Board 49-26] cannot add Board Part xilinx.com:zcu208ld_es:part0:1.0 available at /autofs/fs1.ece/fs1.vrg.CMC/tools/xilinx/Vivado_2021.1/Vivado/2021.1/data/xhub/boards/XilinxBoardStore/boards/Xilinx/zcu208ld/es/1.0/board.xml as part xczu58dr-fsvg1517-2-i-es1 specified in board_part file is either invalid or not available
WARNING: [Board 49-26] cannot add Board Part xilinx.com:zcu216_es:part0:1.2 available at /autofs/fs1.ece/fs1.vrg.CMC/tools/xilinx/Vivado_2021.1/Vivado/2021.1/data/xhub/boards/XilinxBoardStore/boards/Xilinx/zcu216/es/1.2/board.xml as part xczu49dr-ffvf1760-2-e-es1 specified in board_part file is either invalid or not available
WARNING: [Board 49-26] cannot add Board Part xilinx.com:zcu216ld_es:part0:1.0 available at /autofs/fs1.ece/fs1.vrg.CMC/tools/xilinx/Vivado_2021.1/Vivado/2021.1/data/xhub/boards/XilinxBoardStore/boards/Xilinx/zcu216ld/es/1.0/board.xml as part xczu59dr-ffvf1760-2-i-es1 specified in board_part file is either invalid or not available
WARNING: [Board 49-26] cannot add Board Part xilinx.com:vck190_es:part0:1.1 available at /autofs/fs1.ece/fs1.vrg.CMC/tools/xilinx/Vivado_2021.1/Vivado/2021.1/data/xhub/boards/XilinxBoardStore/boards/Xilinx/vck190/es/1.1/board.xml as part xcvc1902-vsva2197-2mp-e-s-es1 specified in board_part file is either invalid or not available
WARNING: [Board 49-26] cannot add Board Part xilinx.com:vck190_es:part0:1.2 available at /autofs/fs1.ece/fs1.vrg.CMC/tools/xilinx/Vivado_2021.1/Vivado/2021.1/data/xhub/boards/XilinxBoardStore/boards/Xilinx/vck190/es/1.2/board.xml as part xcvc1902-vsva2197-2mp-e-s-es1 specified in board_part file is either invalid or not available
WARNING: [Board 49-26] cannot add Board Part xilinx.com:vck190_es:part0:1.3 available at /autofs/fs1.ece/fs1.vrg.CMC/tools/xilinx/Vivado_2021.1/Vivado/2021.1/data/xhub/boards/XilinxBoardStore/boards/Xilinx/vck190/es/1.3/board.xml as part xcvc1902-vsva2197-2mp-e-s-es1 specified in board_part file is either invalid or not available
WARNING: [Board 49-26] cannot add Board Part xilinx.com:vmk180_es:part0:1.1 available at /autofs/fs1.ece/fs1.vrg.CMC/tools/xilinx/Vivado_2021.1/Vivado/2021.1/data/xhub/boards/XilinxBoardStore/boards/Xilinx/vmk180/es/1.1/board.xml as part xcvm1802-vsva2197-2mp-e-s-es1 specified in board_part file is either invalid or not available
WARNING: [Board 49-26] cannot add Board Part xilinx.com:vmk180_es:part0:1.2 available at /autofs/fs1.ece/fs1.vrg.CMC/tools/xilinx/Vivado_2021.1/Vivado/2021.1/data/xhub/boards/XilinxBoardStore/boards/Xilinx/vmk180/es/1.2/board.xml as part xcvm1802-vsva2197-2mp-e-s-es1 specified in board_part file is either invalid or not available
WARNING: [Board 49-26] cannot add Board Part xilinx.com:vmk180_es:part0:1.3 available at /autofs/fs1.ece/fs1.vrg.CMC/tools/xilinx/Vivado_2021.1/Vivado/2021.1/data/xhub/boards/XilinxBoardStore/boards/Xilinx/vmk180/es/1.3/board.xml as part xcvm1802-vsva2197-2mp-e-s-es1 specified in board_part file is either invalid or not available
WARNING: [Board 49-26] cannot add Board Part xilinx.com:zcu208_es:part0:1.0 available at /autofs/fs1.ece/fs1.vrg.CMC/tools/xilinx/Vivado_2021.1/Vivado/2021.1/data/xhub/boards/XilinxBoardStore/boards/Xilinx/zcu208/es/1.0/board.xml as part xczu48dr-fsvg1517-2-e-es1 specified in board_part file is either invalid or not available
WARNING: [Board 49-26] cannot add Board Part xilinx.com:zcu208_es:part0:1.1 available at /autofs/fs1.ece/fs1.vrg.CMC/tools/xilinx/Vivado_2021.1/Vivado/2021.1/data/xhub/boards/XilinxBoardStore/boards/Xilinx/zcu208/es/1.1/board.xml as part xczu48dr-fsvg1517-2-e-es1 specified in board_part file is either invalid or not available
WARNING: [Board 49-26] cannot add Board Part xilinx.com:zcu208_es:part0:1.2 available at /autofs/fs1.ece/fs1.vrg.CMC/tools/xilinx/Vivado_2021.1/Vivado/2021.1/data/xhub/boards/XilinxBoardStore/boards/Xilinx/zcu208/es/1.2/board.xml as part xczu48dr-fsvg1517-2-e-es1 specified in board_part file is either invalid or not available
WARNING: [Board 49-26] cannot add Board Part xilinx.com:zcu208ld_es:part0:1.0 available at /autofs/fs1.ece/fs1.vrg.CMC/tools/xilinx/Vivado_2021.1/Vivado/2021.1/data/xhub/boards/XilinxBoardStore/boards/Xilinx/zcu208ld/es/1.0/board.xml as part xczu58dr-fsvg1517-2-i-es1 specified in board_part file is either invalid or not available
WARNING: [Board 49-26] cannot add Board Part xilinx.com:zcu216_es:part0:1.0 available at /autofs/fs1.ece/fs1.vrg.CMC/tools/xilinx/Vivado_2021.1/Vivado/2021.1/data/xhub/boards/XilinxBoardStore/boards/Xilinx/zcu216/es/1.0/board.xml as part xczu49dr-ffvf1760-2-e-es1 specified in board_part file is either invalid or not available
WARNING: [Board 49-26] cannot add Board Part xilinx.com:zcu216_es:part0:1.1 available at /autofs/fs1.ece/fs1.vrg.CMC/tools/xilinx/Vivado_2021.1/Vivado/2021.1/data/xhub/boards/XilinxBoardStore/boards/Xilinx/zcu216/es/1.1/board.xml as part xczu49dr-ffvf1760-2-e-es1 specified in board_part file is either invalid or not available
WARNING: [Board 49-26] cannot add Board Part xilinx.com:zcu216_es:part0:1.2 available at /autofs/fs1.ece/fs1.vrg.CMC/tools/xilinx/Vivado_2021.1/Vivado/2021.1/data/xhub/boards/XilinxBoardStore/boards/Xilinx/zcu216/es/1.2/board.xml as part xczu49dr-ffvf1760-2-e-es1 specified in board_part file is either invalid or not available
WARNING: [Board 49-26] cannot add Board Part xilinx.com:zcu216ld_es:part0:1.0 available at /autofs/fs1.ece/fs1.vrg.CMC/tools/xilinx/Vivado_2021.1/Vivado/2021.1/data/xhub/boards/XilinxBoardStore/boards/Xilinx/zcu216ld/es/1.0/board.xml as part xczu59dr-ffvf1760-2-i-es1 specified in board_part file is either invalid or not available
WARNING: [Board 49-26] cannot add Board Part xilinx.com:vck190_es:part0:1.1 available at /autofs/fs1.ece/fs1.vrg.CMC/tools/xilinx/Vivado_2021.1/Vivado/2021.1/data/xhub/boards/XilinxBoardStore/boards/Xilinx/vck190/es/1.1/board.xml as part xcvc1902-vsva2197-2mp-e-s-es1 specified in board_part file is either invalid or not available
WARNING: [Board 49-26] cannot add Board Part xilinx.com:vck190_es:part0:1.2 available at /autofs/fs1.ece/fs1.vrg.CMC/tools/xilinx/Vivado_2021.1/Vivado/2021.1/data/xhub/boards/XilinxBoardStore/boards/Xilinx/vck190/es/1.2/board.xml as part xcvc1902-vsva2197-2mp-e-s-es1 specified in board_part file is either invalid or not available
WARNING: [Board 49-26] cannot add Board Part xilinx.com:vck190_es:part0:1.3 available at /autofs/fs1.ece/fs1.vrg.CMC/tools/xilinx/Vivado_2021.1/Vivado/2021.1/data/xhub/boards/XilinxBoardStore/boards/Xilinx/vck190/es/1.3/board.xml as part xcvc1902-vsva2197-2mp-e-s-es1 specified in board_part file is either invalid or not available
WARNING: [Board 49-26] cannot add Board Part xilinx.com:vmk180_es:part0:1.1 available at /autofs/fs1.ece/fs1.vrg.CMC/tools/xilinx/Vivado_2021.1/Vivado/2021.1/data/xhub/boards/XilinxBoardStore/boards/Xilinx/vmk180/es/1.1/board.xml as part xcvm1802-vsva2197-2mp-e-s-es1 specified in board_part file is either invalid or not available
WARNING: [Board 49-26] cannot add Board Part xilinx.com:vmk180_es:part0:1.2 available at /autofs/fs1.ece/fs1.vrg.CMC/tools/xilinx/Vivado_2021.1/Vivado/2021.1/data/xhub/boards/XilinxBoardStore/boards/Xilinx/vmk180/es/1.2/board.xml as part xcvm1802-vsva2197-2mp-e-s-es1 specified in board_part file is either invalid or not available
WARNING: [Board 49-26] cannot add Board Part xilinx.com:vmk180_es:part0:1.3 available at /autofs/fs1.ece/fs1.vrg.CMC/tools/xilinx/Vivado_2021.1/Vivado/2021.1/data/xhub/boards/XilinxBoardStore/boards/Xilinx/vmk180/es/1.3/board.xml as part xcvm1802-vsva2197-2mp-e-s-es1 specified in board_part file is either invalid or not available
WARNING: [Board 49-26] cannot add Board Part xilinx.com:zcu208_es:part0:1.0 available at /autofs/fs1.ece/fs1.vrg.CMC/tools/xilinx/Vivado_2021.1/Vivado/2021.1/data/xhub/boards/XilinxBoardStore/boards/Xilinx/zcu208/es/1.0/board.xml as part xczu48dr-fsvg1517-2-e-es1 specified in board_part file is either invalid or not available
WARNING: [Board 49-26] cannot add Board Part xilinx.com:zcu208_es:part0:1.1 available at /autofs/fs1.ece/fs1.vrg.CMC/tools/xilinx/Vivado_2021.1/Vivado/2021.1/data/xhub/boards/XilinxBoardStore/boards/Xilinx/zcu208/es/1.1/board.xml as part xczu48dr-fsvg1517-2-e-es1 specified in board_part file is either invalid or not available
WARNING: [Board 49-26] cannot add Board Part xilinx.com:zcu208_es:part0:1.2 available at /autofs/fs1.ece/fs1.vrg.CMC/tools/xilinx/Vivado_2021.1/Vivado/2021.1/data/xhub/boards/XilinxBoardStore/boards/Xilinx/zcu208/es/1.2/board.xml as part xczu48dr-fsvg1517-2-e-es1 specified in board_part file is either invalid or not available
WARNING: [Board 49-26] cannot add Board Part xilinx.com:zcu208ld_es:part0:1.0 available at /autofs/fs1.ece/fs1.vrg.CMC/tools/xilinx/Vivado_2021.1/Vivado/2021.1/data/xhub/boards/XilinxBoardStore/boards/Xilinx/zcu208ld/es/1.0/board.xml as part xczu58dr-fsvg1517-2-i-es1 specified in board_part file is either invalid or not available
WARNING: [Board 49-26] cannot add Board Part xilinx.com:zcu216_es:part0:1.0 available at /autofs/fs1.ece/fs1.vrg.CMC/tools/xilinx/Vivado_2021.1/Vivado/2021.1/data/xhub/boards/XilinxBoardStore/boards/Xilinx/zcu216/es/1.0/board.xml as part xczu49dr-ffvf1760-2-e-es1 specified in board_part file is either invalid or not available
WARNING: [Board 49-26] cannot add Board Part xilinx.com:zcu216_es:part0:1.1 available at /autofs/fs1.ece/fs1.vrg.CMC/tools/xilinx/Vivado_2021.1/Vivado/2021.1/data/xhub/boards/XilinxBoardStore/boards/Xilinx/zcu216/es/1.1/board.xml as part xczu49dr-ffvf1760-2-e-es1 specified in board_part file is either invalid or not available
WARNING: [Board 49-26] cannot add Board Part xilinx.com:zcu216_es:part0:1.2 available at /autofs/fs1.ece/fs1.vrg.CMC/tools/xilinx/Vivado_2021.1/Vivado/2021.1/data/xhub/boards/XilinxBoardStore/boards/Xilinx/zcu216/es/1.2/board.xml as part xczu49dr-ffvf1760-2-e-es1 specified in board_part file is either invalid or not available
WARNING: [Board 49-26] cannot add Board Part xilinx.com:zcu216ld_es:part0:1.0 available at /autofs/fs1.ece/fs1.vrg.CMC/tools/xilinx/Vivado_2021.1/Vivado/2021.1/data/xhub/boards/XilinxBoardStore/boards/Xilinx/zcu216ld/es/1.0/board.xml as part xczu59dr-ffvf1760-2-i-es1 specified in board_part file is either invalid or not available
WARNING: [Board 49-26] cannot add Board Part xilinx.com:vck190_es:part0:1.1 available at /autofs/fs1.ece/fs1.vrg.CMC/tools/xilinx/Vivado_2021.1/Vivado/2021.1/data/xhub/boards/XilinxBoardStore/boards/Xilinx/vck190/es/1.1/board.xml as part xcvc1902-vsva2197-2mp-e-s-es1 specified in board_part file is either invalid or not available
WARNING: [Board 49-26] cannot add Board Part xilinx.com:vck190_es:part0:1.2 available at /autofs/fs1.ece/fs1.vrg.CMC/tools/xilinx/Vivado_2021.1/Vivado/2021.1/data/xhub/boards/XilinxBoardStore/boards/Xilinx/vck190/es/1.2/board.xml as part xcvc1902-vsva2197-2mp-e-s-es1 specified in board_part file is either invalid or not available
WARNING: [Board 49-26] cannot add Board Part xilinx.com:vck190_es:part0:1.3 available at /autofs/fs1.ece/fs1.vrg.CMC/tools/xilinx/Vivado_2021.1/Vivado/2021.1/data/xhub/boards/XilinxBoardStore/boards/Xilinx/vck190/es/1.3/board.xml as part xcvc1902-vsva2197-2mp-e-s-es1 specified in board_part file is either invalid or not available
WARNING: [Board 49-26] cannot add Board Part xilinx.com:vmk180_es:part0:1.1 available at /autofs/fs1.ece/fs1.vrg.CMC/tools/xilinx/Vivado_2021.1/Vivado/2021.1/data/xhub/boards/XilinxBoardStore/boards/Xilinx/vmk180/es/1.1/board.xml as part xcvm1802-vsva2197-2mp-e-s-es1 specified in board_part file is either invalid or not available
WARNING: [Board 49-26] cannot add Board Part xilinx.com:vmk180_es:part0:1.2 available at /autofs/fs1.ece/fs1.vrg.CMC/tools/xilinx/Vivado_2021.1/Vivado/2021.1/data/xhub/boards/XilinxBoardStore/boards/Xilinx/vmk180/es/1.2/board.xml as part xcvm1802-vsva2197-2mp-e-s-es1 specified in board_part file is either invalid or not available
WARNING: [Board 49-26] cannot add Board Part xilinx.com:vmk180_es:part0:1.3 available at /autofs/fs1.ece/fs1.vrg.CMC/tools/xilinx/Vivado_2021.1/Vivado/2021.1/data/xhub/boards/XilinxBoardStore/boards/Xilinx/vmk180/es/1.3/board.xml as part xcvm1802-vsva2197-2mp-e-s-es1 specified in board_part file is either invalid or not available
WARNING: [Board 49-26] cannot add Board Part xilinx.com:zcu208_es:part0:1.0 available at /autofs/fs1.ece/fs1.vrg.CMC/tools/xilinx/Vivado_2021.1/Vivado/2021.1/data/xhub/boards/XilinxBoardStore/boards/Xilinx/zcu208/es/1.0/board.xml as part xczu48dr-fsvg1517-2-e-es1 specified in board_part file is either invalid or not available
WARNING: [Board 49-26] cannot add Board Part xilinx.com:zcu208_es:part0:1.1 available at /autofs/fs1.ece/fs1.vrg.CMC/tools/xilinx/Vivado_2021.1/Vivado/2021.1/data/xhub/boards/XilinxBoardStore/boards/Xilinx/zcu208/es/1.1/board.xml as part xczu48dr-fsvg1517-2-e-es1 specified in board_part file is either invalid or not available
WARNING: [Board 49-26] cannot add Board Part xilinx.com:zcu208_es:part0:1.2 available at /autofs/fs1.ece/fs1.vrg.CMC/tools/xilinx/Vivado_2021.1/Vivado/2021.1/data/xhub/boards/XilinxBoardStore/boards/Xilinx/zcu208/es/1.2/board.xml as part xczu48dr-fsvg1517-2-e-es1 specified in board_part file is either invalid or not available
WARNING: [Board 49-26] cannot add Board Part xilinx.com:zcu208ld_es:part0:1.0 available at /autofs/fs1.ece/fs1.vrg.CMC/tools/xilinx/Vivado_2021.1/Vivado/2021.1/data/xhub/boards/XilinxBoardStore/boards/Xilinx/zcu208ld/es/1.0/board.xml as part xczu58dr-fsvg1517-2-i-es1 specified in board_part file is either invalid or not available
INFO: [Common 17-14] Message 'Board 49-26' appears 100 times and further instances of the messages will be disabled. Use the Tcl command set_msg_config to change the current settings.
create_project MLSE_CONTROLLER /autofs/fs1.ece/fs1.eecg.tcc/barrieri/Documents/Thesis/new_board/CONTROLLER_IP/MLSE_CONTROLLER -part xczu9eg-ffvb1156-2-e
INFO: [IP_Flow 19-234] Refreshing IP repositories
INFO: [IP_Flow 19-1704] No user IP repositories specified
INFO: [IP_Flow 19-2313] Loaded Vivado IP repository '/CMC/tools/xilinx/Vivado_2021.1/Vivado/2021.1/data/ip'.
INFO: [IP_Flow 19-3899] Cannot get the environment domain name variable for the component vendor name. Setting the vendor name to 'user.org'.
INFO: [IP_Flow 19-3899] Cannot get the environment domain name variable for the component vendor name. Setting the vendor name to 'user.org'.
INFO: [IP_Flow 19-3899] Cannot get the environment domain name variable for the component vendor name. Setting the vendor name to 'user.org'.
INFO: [IP_Flow 19-3899] Cannot get the environment domain name variable for the component vendor name. Setting the vendor name to 'user.org'.
INFO: [IP_Flow 19-3899] Cannot get the environment domain name variable for the component vendor name. Setting the vendor name to 'user.org'.
INFO: [IP_Flow 19-3899] Cannot get the environment domain name variable for the component vendor name. Setting the vendor name to 'user.org'.
INFO: [IP_Flow 19-3899] Cannot get the environment domain name variable for the component vendor name. Setting the vendor name to 'user.org'.
INFO: [IP_Flow 19-3899] Cannot get the environment domain name variable for the component vendor name. Setting the vendor name to 'user.org'.
INFO: [IP_Flow 19-3899] Cannot get the environment domain name variable for the component vendor name. Setting the vendor name to 'user.org'.
INFO: [IP_Flow 19-3899] Cannot get the environment domain name variable for the component vendor name. Setting the vendor name to 'user.org'.
INFO: [IP_Flow 19-3899] Cannot get the environment domain name variable for the component vendor name. Setting the vendor name to 'user.org'.
INFO: [IP_Flow 19-3899] Cannot get the environment domain name variable for the component vendor name. Setting the vendor name to 'user.org'.
INFO: [IP_Flow 19-3899] Cannot get the environment domain name variable for the component vendor name. Setting the vendor name to 'user.org'.
INFO: [IP_Flow 19-3899] Cannot get the environment domain name variable for the component vendor name. Setting the vendor name to 'user.org'.
INFO: [IP_Flow 19-3899] Cannot get the environment domain name variable for the component vendor name. Setting the vendor name to 'user.org'.
INFO: [IP_Flow 19-3899] Cannot get the environment domain name variable for the component vendor name. Setting the vendor name to 'user.org'.
INFO: [IP_Flow 19-3899] Cannot get the environment domain name variable for the component vendor name. Setting the vendor name to 'user.org'.
INFO: [IP_Flow 19-3899] Cannot get the environment domain name variable for the component vendor name. Setting the vendor name to 'user.org'.
INFO: [IP_Flow 19-3899] Cannot get the environment domain name variable for the component vendor name. Setting the vendor name to 'user.org'.
INFO: [IP_Flow 19-3899] Cannot get the environment domain name variable for the component vendor name. Setting the vendor name to 'user.org'.
INFO: [IP_Flow 19-3899] Cannot get the environment domain name variable for the component vendor name. Setting the vendor name to 'user.org'.
INFO: [IP_Flow 19-3899] Cannot get the environment domain name variable for the component vendor name. Setting the vendor name to 'user.org'.
INFO: [IP_Flow 19-3899] Cannot get the environment domain name variable for the component vendor name. Setting the vendor name to 'user.org'.
INFO: [IP_Flow 19-3899] Cannot get the environment domain name variable for the component vendor name. Setting the vendor name to 'user.org'.
INFO: [IP_Flow 19-3899] Cannot get the environment domain name variable for the component vendor name. Setting the vendor name to 'user.org'.
INFO: [IP_Flow 19-3899] Cannot get the environment domain name variable for the component vendor name. Setting the vendor name to 'user.org'.
INFO: [IP_Flow 19-3899] Cannot get the environment domain name variable for the component vendor name. Setting the vendor name to 'user.org'.
INFO: [IP_Flow 19-3899] Cannot get the environment domain name variable for the component vendor name. Setting the vendor name to 'user.org'.
INFO: [IP_Flow 19-3899] Cannot get the environment domain name variable for the component vendor name. Setting the vendor name to 'user.org'.
INFO: [IP_Flow 19-3899] Cannot get the environment domain name variable for the component vendor name. Setting the vendor name to 'user.org'.
INFO: [IP_Flow 19-3899] Cannot get the environment domain name variable for the component vendor name. Setting the vendor name to 'user.org'.
INFO: [IP_Flow 19-3899] Cannot get the environment domain name variable for the component vendor name. Setting the vendor name to 'user.org'.
INFO: [IP_Flow 19-3899] Cannot get the environment domain name variable for the component vendor name. Setting the vendor name to 'user.org'.
INFO: [IP_Flow 19-3899] Cannot get the environment domain name variable for the component vendor name. Setting the vendor name to 'user.org'.
INFO: [IP_Flow 19-3899] Cannot get the environment domain name variable for the component vendor name. Setting the vendor name to 'user.org'.
INFO: [IP_Flow 19-3899] Cannot get the environment domain name variable for the component vendor name. Setting the vendor name to 'user.org'.
INFO: [IP_Flow 19-3899] Cannot get the environment domain name variable for the component vendor name. Setting the vendor name to 'user.org'.
INFO: [IP_Flow 19-3899] Cannot get the environment domain name variable for the component vendor name. Setting the vendor name to 'user.org'.
INFO: [IP_Flow 19-3899] Cannot get the environment domain name variable for the component vendor name. Setting the vendor name to 'user.org'.
INFO: [IP_Flow 19-3899] Cannot get the environment domain name variable for the component vendor name. Setting the vendor name to 'user.org'.
INFO: [IP_Flow 19-3899] Cannot get the environment domain name variable for the component vendor name. Setting the vendor name to 'user.org'.
INFO: [IP_Flow 19-3899] Cannot get the environment domain name variable for the component vendor name. Setting the vendor name to 'user.org'.
INFO: [IP_Flow 19-3899] Cannot get the environment domain name variable for the component vendor name. Setting the vendor name to 'user.org'.
INFO: [IP_Flow 19-3899] Cannot get the environment domain name variable for the component vendor name. Setting the vendor name to 'user.org'.
INFO: [IP_Flow 19-3899] Cannot get the environment domain name variable for the component vendor name. Setting the vendor name to 'user.org'.
INFO: [IP_Flow 19-3899] Cannot get the environment domain name variable for the component vendor name. Setting the vendor name to 'user.org'.
INFO: [IP_Flow 19-3899] Cannot get the environment domain name variable for the component vendor name. Setting the vendor name to 'user.org'.
INFO: [IP_Flow 19-3899] Cannot get the environment domain name variable for the component vendor name. Setting the vendor name to 'user.org'.
INFO: [IP_Flow 19-3899] Cannot get the environment domain name variable for the component vendor name. Setting the vendor name to 'user.org'.
INFO: [IP_Flow 19-3899] Cannot get the environment domain name variable for the component vendor name. Setting the vendor name to 'user.org'.
INFO: [IP_Flow 19-3899] Cannot get the environment domain name variable for the component vendor name. Setting the vendor name to 'user.org'.
INFO: [IP_Flow 19-3899] Cannot get the environment domain name variable for the component vendor name. Setting the vendor name to 'user.org'.
INFO: [IP_Flow 19-3899] Cannot get the environment domain name variable for the component vendor name. Setting the vendor name to 'user.org'.
INFO: [IP_Flow 19-3899] Cannot get the environment domain name variable for the component vendor name. Setting the vendor name to 'user.org'.
INFO: [IP_Flow 19-3899] Cannot get the environment domain name variable for the component vendor name. Setting the vendor name to 'user.org'.
INFO: [IP_Flow 19-3899] Cannot get the environment domain name variable for the component vendor name. Setting the vendor name to 'user.org'.
INFO: [IP_Flow 19-3899] Cannot get the environment domain name variable for the component vendor name. Setting the vendor name to 'user.org'.
INFO: [IP_Flow 19-3899] Cannot get the environment domain name variable for the component vendor name. Setting the vendor name to 'user.org'.
INFO: [IP_Flow 19-3899] Cannot get the environment domain name variable for the component vendor name. Setting the vendor name to 'user.org'.
INFO: [IP_Flow 19-3899] Cannot get the environment domain name variable for the component vendor name. Setting the vendor name to 'user.org'.
INFO: [IP_Flow 19-3899] Cannot get the environment domain name variable for the component vendor name. Setting the vendor name to 'user.org'.
INFO: [IP_Flow 19-3899] Cannot get the environment domain name variable for the component vendor name. Setting the vendor name to 'user.org'.
INFO: [IP_Flow 19-3899] Cannot get the environment domain name variable for the component vendor name. Setting the vendor name to 'user.org'.
INFO: [IP_Flow 19-3899] Cannot get the environment domain name variable for the component vendor name. Setting the vendor name to 'user.org'.
INFO: [IP_Flow 19-3899] Cannot get the environment domain name variable for the component vendor name. Setting the vendor name to 'user.org'.
INFO: [IP_Flow 19-3899] Cannot get the environment domain name variable for the component vendor name. Setting the vendor name to 'user.org'.
INFO: [IP_Flow 19-3899] Cannot get the environment domain name variable for the component vendor name. Setting the vendor name to 'user.org'.
INFO: [IP_Flow 19-3899] Cannot get the environment domain name variable for the component vendor name. Setting the vendor name to 'user.org'.
INFO: [IP_Flow 19-3899] Cannot get the environment domain name variable for the component vendor name. Setting the vendor name to 'user.org'.
INFO: [IP_Flow 19-3899] Cannot get the environment domain name variable for the component vendor name. Setting the vendor name to 'user.org'.
INFO: [IP_Flow 19-3899] Cannot get the environment domain name variable for the component vendor name. Setting the vendor name to 'user.org'.
INFO: [IP_Flow 19-3899] Cannot get the environment domain name variable for the component vendor name. Setting the vendor name to 'user.org'.
INFO: [IP_Flow 19-3899] Cannot get the environment domain name variable for the component vendor name. Setting the vendor name to 'user.org'.
INFO: [IP_Flow 19-3899] Cannot get the environment domain name variable for the component vendor name. Setting the vendor name to 'user.org'.
INFO: [IP_Flow 19-3899] Cannot get the environment domain name variable for the component vendor name. Setting the vendor name to 'user.org'.
INFO: [IP_Flow 19-3899] Cannot get the environment domain name variable for the component vendor name. Setting the vendor name to 'user.org'.
INFO: [IP_Flow 19-3899] Cannot get the environment domain name variable for the component vendor name. Setting the vendor name to 'user.org'.
INFO: [IP_Flow 19-3899] Cannot get the environment domain name variable for the component vendor name. Setting the vendor name to 'user.org'.
INFO: [IP_Flow 19-3899] Cannot get the environment domain name variable for the component vendor name. Setting the vendor name to 'user.org'.
INFO: [IP_Flow 19-3899] Cannot get the environment domain name variable for the component vendor name. Setting the vendor name to 'user.org'.
INFO: [IP_Flow 19-3899] Cannot get the environment domain name variable for the component vendor name. Setting the vendor name to 'user.org'.
INFO: [IP_Flow 19-3899] Cannot get the environment domain name variable for the component vendor name. Setting the vendor name to 'user.org'.
INFO: [IP_Flow 19-3899] Cannot get the environment domain name variable for the component vendor name. Setting the vendor name to 'user.org'.
INFO: [IP_Flow 19-3899] Cannot get the environment domain name variable for the component vendor name. Setting the vendor name to 'user.org'.
INFO: [IP_Flow 19-3899] Cannot get the environment domain name variable for the component vendor name. Setting the vendor name to 'user.org'.
INFO: [IP_Flow 19-3899] Cannot get the environment domain name variable for the component vendor name. Setting the vendor name to 'user.org'.
INFO: [IP_Flow 19-3899] Cannot get the environment domain name variable for the component vendor name. Setting the vendor name to 'user.org'.
INFO: [IP_Flow 19-3899] Cannot get the environment domain name variable for the component vendor name. Setting the vendor name to 'user.org'.
INFO: [IP_Flow 19-3899] Cannot get the environment domain name variable for the component vendor name. Setting the vendor name to 'user.org'.
INFO: [IP_Flow 19-3899] Cannot get the environment domain name variable for the component vendor name. Setting the vendor name to 'user.org'.
INFO: [IP_Flow 19-3899] Cannot get the environment domain name variable for the component vendor name. Setting the vendor name to 'user.org'.
INFO: [IP_Flow 19-3899] Cannot get the environment domain name variable for the component vendor name. Setting the vendor name to 'user.org'.
INFO: [IP_Flow 19-3899] Cannot get the environment domain name variable for the component vendor name. Setting the vendor name to 'user.org'.
INFO: [IP_Flow 19-3899] Cannot get the environment domain name variable for the component vendor name. Setting the vendor name to 'user.org'.
INFO: [IP_Flow 19-3899] Cannot get the environment domain name variable for the component vendor name. Setting the vendor name to 'user.org'.
INFO: [IP_Flow 19-3899] Cannot get the environment domain name variable for the component vendor name. Setting the vendor name to 'user.org'.
INFO: [IP_Flow 19-3899] Cannot get the environment domain name variable for the component vendor name. Setting the vendor name to 'user.org'.
INFO: [IP_Flow 19-3899] Cannot get the environment domain name variable for the component vendor name. Setting the vendor name to 'user.org'.
INFO: [IP_Flow 19-3899] Cannot get the environment domain name variable for the component vendor name. Setting the vendor name to 'user.org'.
INFO: [IP_Flow 19-3899] Cannot get the environment domain name variable for the component vendor name. Setting the vendor name to 'user.org'.
INFO: [Common 17-14] Message 'IP_Flow 19-3899' appears 100 times and further instances of the messages will be disabled. Use the Tcl command set_msg_config to change the current settings.
set_property board_part xilinx.com:zcu102:part0:3.4 [current_project]
create_peripheral user.org user sim_controller 1.0 -dir /autofs/fs1.ece/fs1.eecg.tcc/barrieri/Documents/Thesis/new_board/CONTROLLER_IP/ip_repo
add_peripheral_interface S00_AXI -interface_mode slave -axi_type lite [ipx::find_open_core user.org:user:sim_controller:1.0]
add_peripheral_interface M00_AXI -interface_mode master -axi_type lite [ipx::find_open_core user.org:user:sim_controller:1.0]
generate_peripheral -driver -bfm_example_design -debug_hw_example_design [ipx::find_open_core user.org:user:sim_controller:1.0]
write_peripheral [ipx::find_open_core user.org:user:sim_controller:1.0]
set_property  ip_repo_paths  /autofs/fs1.ece/fs1.eecg.tcc/barrieri/Documents/Thesis/new_board/CONTROLLER_IP/ip_repo/sim_controller_1.0 [current_project]
update_ip_catalog -rebuild
INFO: [IP_Flow 19-234] Refreshing IP repositories
INFO: [IP_Flow 19-1700] Loaded user IP repository '/autofs/fs1.ece/fs1.eecg.tcc/barrieri/Documents/Thesis/new_board/CONTROLLER_IP/ip_repo/sim_controller_1.0'.
ipx::edit_ip_in_project -upgrade true -name sim_controller_v1_0_project -directory /autofs/fs1.ece/fs1.eecg.tcc/barrieri/Documents/Thesis/new_board/CONTROLLER_IP/MLSE_CONTROLLER/MLSE_CONTROLLER.tmp/sim_controller_v1_0_project /autofs/fs1.ece/fs1.eecg.tcc/barrieri/Documents/Thesis/new_board/CONTROLLER_IP/ip_repo/sim_controller_1.0/component.xml
INFO: [IP_Flow 19-234] Refreshing IP repositories
INFO: [IP_Flow 19-1704] No user IP repositories specified
INFO: [IP_Flow 19-2313] Loaded Vivado IP repository '/CMC/tools/xilinx/Vivado_2021.1/Vivado/2021.1/data/ip'.
INFO: [IP_Flow 19-234] Refreshing IP repositories
INFO: [IP_Flow 19-1700] Loaded user IP repository '/autofs/fs1.ece/fs1.eecg.tcc/barrieri/Documents/Thesis/new_board/CONTROLLER_IP/ip_repo/sim_controller_1.0'.
INFO: [IP_Flow 19-795] Syncing license key meta-data
update_compile_order -fileset sources_1
update_compile_order -fileset sources_1
update_compile_order -fileset sources_1
set_property source_mgmt_mode DisplayOnly [current_project]
ipx::merge_project_changes files [ipx::current_core]
INFO: [IP_Flow 19-3899] Cannot get the environment domain name variable for the component vendor name. Setting the vendor name to 'user.org'.
WARNING: [IP_Flow 19-5226] Project source file '/autofs/fs1.ece/fs1.eecg.tcc/barrieri/Documents/Thesis/new_board/CONTROLLER_IP/ip_repo/sim_controller_1.0/component.xml' ignored by IP packager.
ipx::merge_project_changes hdl_parameters [ipx::current_core]
INFO: [IP_Flow 19-3899] Cannot get the environment domain name variable for the component vendor name. Setting the vendor name to 'user.org'.
WARNING: [IP_Flow 19-5226] Project source file '/autofs/fs1.ece/fs1.eecg.tcc/barrieri/Documents/Thesis/new_board/CONTROLLER_IP/ip_repo/sim_controller_1.0/component.xml' ignored by IP packager.
WARNING: [IP_Flow 19-4300] HDL parameter 'C_M00_AXI_TARGET_SLAVE_BASE_ADDR' has its value changed from '0x40000000' to '0xC0000000'.
WARNING: [IP_Flow 19-4300] HDL parameter 'C_M00_AXI_TRANSACTIONS_NUM' has its value changed from '4' to '10'.
INFO: [IP_Flow 19-3166] Bus Interface 'S00_AXI': References existing memory map 'S00_AXI'.
INFO: [IP_Flow 19-3164] Bus Interface 'M00_AXI': References existing address space 'M00_AXI'.
set_property core_revision 2 [ipx::current_core]
ipx::update_source_project_archive -component [ipx::current_core]
ipx::create_xgui_files [ipx::current_core]
ipx::update_checksums [ipx::current_core]
ipx::check_integrity [ipx::current_core]
INFO: [IP_Flow 19-2181] Payment Required is not set for this core.
INFO: [IP_Flow 19-2187] The Product Guide file is missing.
INFO: [Ipptcl 7-1486] check_integrity: Integrity check passed.
ipx::save_core [ipx::current_core]
open_project /autofs/fs1.ece/fs1.eecg.tcc/barrieri/Documents/Thesis/CONTROLLER_IP/AWGN/edit_sim_controller_v2_0.xpr
INFO: [Project 1-313] Project file moved from '/autofs/fs1.ece/fs1.eecg.tcc/barrieri/Documents/vivado/CONTROLLER_IP/sim_controller_4' since last save.
WARNING: [filemgmt 56-2] Default IP Output Path : Could not find the directory '/autofs/fs1.ece/fs1.eecg.tcc/barrieri/Documents/Thesis/CONTROLLER_IP/AWGN/edit_sim_controller_v2_0.gen/sources_1', nor could it be found using path '/autofs/fs1.ece/fs1.eecg.tcc/barrieri/Documents/vivado/CONTROLLER_IP/sim_controller_4/edit_sim_controller_v2_0.gen/sources_1'.
Scanning sources...
Finished scanning sources
INFO: [IP_Flow 19-234] Refreshing IP repositories
INFO: [IP_Flow 19-1700] Loaded user IP repository '/autofs/fs1.ece/fs1.eecg.tcc/barrieri/Documents/Thesis/CONTROLLER_IP/AWGN/sim_controller_2.0'.
INFO: [IP_Flow 19-2313] Loaded Vivado IP repository '/CMC/tools/xilinx/Vivado_2021.1/Vivado/2021.1/data/ip'.
update_compile_order -fileset sources_1
ipx::open_ipxact_file /autofs/fs1.ece/fs1.eecg.tcc/barrieri/Documents/Thesis/CONTROLLER_IP/AWGN/sim_controller_2.0/component.xml
INFO: [IP_Flow 19-3899] Cannot get the environment domain name variable for the component vendor name. Setting the vendor name to 'user.org'.
WARNING: [IP_Flow 19-5226] Project source file '/autofs/fs1.ece/fs1.eecg.tcc/barrieri/Documents/Thesis/CONTROLLER_IP/AWGN/sim_controller_2.0/component.xml' ignored by IP packager.
WARNING: [IP_Flow 19-3898] File Group 'xilinx_verilogsynthesis (Verilog Synthesis)': File '/autofs/fs1.ece/fs1.eecg.tcc/barrieri/Documents/Thesis/CONTROLLER_IP/AWGN/sim_controller_2.0/hdl/sim_controller_v2_0_M00_AXI.v' is not found in the project sources. It will be removed from the packaged IP when the sources are merged. If still required, please add this file to the project and re-package.
WARNING: [IP_Flow 19-3898] File Group 'xilinx_verilogsynthesis (Verilog Synthesis)': File '/autofs/fs1.ece/fs1.eecg.tcc/barrieri/Documents/Thesis/CONTROLLER_IP/AWGN/sim_controller_2.0/hdl/sim_controller_v2_0_S00_AXI.v' is not found in the project sources. It will be removed from the packaged IP when the sources are merged. If still required, please add this file to the project and re-package.
WARNING: [IP_Flow 19-3898] File Group 'xilinx_verilogsynthesis (Verilog Synthesis)': File '/autofs/fs1.ece/fs1.eecg.tcc/barrieri/Documents/Thesis/CONTROLLER_IP/AWGN/sim_controller_2.0/hdl/sim_controller_v2_0.v' is not found in the project sources. It will be removed from the packaged IP when the sources are merged. If still required, please add this file to the project and re-package.
WARNING: [IP_Flow 19-3898] File Group 'xilinx_verilogbehavioralsimulation (Verilog Simulation)': File '/autofs/fs1.ece/fs1.eecg.tcc/barrieri/Documents/Thesis/CONTROLLER_IP/AWGN/sim_controller_2.0/hdl/sim_controller_v2_0_M00_AXI.v' is not found in the project sources. It will be removed from the packaged IP when the sources are merged. If still required, please add this file to the project and re-package.
WARNING: [IP_Flow 19-3898] File Group 'xilinx_verilogbehavioralsimulation (Verilog Simulation)': File '/autofs/fs1.ece/fs1.eecg.tcc/barrieri/Documents/Thesis/CONTROLLER_IP/AWGN/sim_controller_2.0/hdl/sim_controller_v2_0_S00_AXI.v' is not found in the project sources. It will be removed from the packaged IP when the sources are merged. If still required, please add this file to the project and re-package.
WARNING: [IP_Flow 19-3898] File Group 'xilinx_verilogbehavioralsimulation (Verilog Simulation)': File '/autofs/fs1.ece/fs1.eecg.tcc/barrieri/Documents/Thesis/CONTROLLER_IP/AWGN/sim_controller_2.0/hdl/sim_controller_v2_0.v' is not found in the project sources. It will be removed from the packaged IP when the sources are merged. If still required, please add this file to the project and re-package.
set_property core_revision 3 [ipx::current_core]
ipx::update_source_project_archive -component [ipx::current_core]
ipx::create_xgui_files [ipx::current_core]
ipx::update_checksums [ipx::current_core]
ipx::check_integrity [ipx::current_core]
INFO: [IP_Flow 19-2181] Payment Required is not set for this core.
INFO: [IP_Flow 19-2187] The Product Guide file is missing.
INFO: [Ipptcl 7-1486] check_integrity: Integrity check passed.
ipx::save_core [ipx::current_core]
current_project sim_controller_v1_0_project
close_project
close_project
exit
INFO: [Common 17-206] Exiting Vivado at Mon Aug 19 16:12:55 2024...
